[debug] [2023-05-31T14:55:17.039Z] ----------------------------------------------------------------------
[debug] [2023-05-31T14:55:17.041Z] Command:       C:\Program Files\nodejs\node.exe C:\Users\nages\AppData\Roaming\npm\node_modules\firebase-tools\lib\bin\firebase.js init
[debug] [2023-05-31T14:55:17.042Z] CLI Version:   12.2.1
[debug] [2023-05-31T14:55:17.042Z] Platform:      win32
[debug] [2023-05-31T14:55:17.042Z] Node Version:  v18.14.0
[debug] [2023-05-31T14:55:17.043Z] Time:          Wed May 31 2023 20:25:17 GMT+0530 (India Standard Time)
[debug] [2023-05-31T14:55:17.043Z] ----------------------------------------------------------------------
[debug] 
[debug] [2023-05-31T14:55:17.118Z] > command requires scopes: ["email","openid","https://www.googleapis.com/auth/cloudplatformprojects.readonly","https://www.googleapis.com/auth/firebase","https://www.googleapis.com/auth/cloud-platform"]
[debug] [2023-05-31T14:55:17.119Z] > authorizing via signed-in user (nageshwaryadav925.ny@gmail.com)
[info] 
     ######## #### ########  ######## ########     ###     ######  ########
     ##        ##  ##     ## ##       ##     ##  ##   ##  ##       ##
     ######    ##  ########  ######   ########  #########  ######  ######
     ##        ##  ##    ##  ##       ##     ## ##     ##       ## ##
     ##       #### ##     ## ######## ########  ##     ##  ######  ########

You're about to initialize a Firebase project in this directory:

  C:\Users\nages

Before we get started, keep in mind:

  * You are initializing within an existing Firebase project directory

[info] 
=== Project Setup
[info] 
[info] First, let's associate this project directory with a Firebase project.
[info] You can create multiple project aliases by running firebase use --add, 
[info] but for now we'll just set up a default project.
[info] 
[debug] [2023-05-31T14:55:59.350Z] Using project from CLI flag: sandynewspage
[debug] [2023-05-31T14:55:59.351Z] > refreshing access token with scopes: []
[debug] [2023-05-31T14:55:59.353Z] >>> [apiv2][query] POST https://www.googleapis.com/oauth2/v3/token [none]
[debug] [2023-05-31T14:55:59.353Z] >>> [apiv2][body] POST https://www.googleapis.com/oauth2/v3/token [omitted]
[debug] [2023-05-31T14:55:59.664Z] <<< [apiv2][status] POST https://www.googleapis.com/oauth2/v3/token 200
[debug] [2023-05-31T14:55:59.665Z] <<< [apiv2][body] POST https://www.googleapis.com/oauth2/v3/token [omitted]
[debug] [2023-05-31T14:55:59.684Z] >>> [apiv2][query] GET https://firebase.googleapis.com/v1beta1/projects/sandynewspage [none]
[debug] [2023-05-31T14:56:00.460Z] <<< [apiv2][status] GET https://firebase.googleapis.com/v1beta1/projects/sandynewspage 200
[debug] [2023-05-31T14:56:00.460Z] <<< [apiv2][body] GET https://firebase.googleapis.com/v1beta1/projects/sandynewspage {"projectId":"sandynewspage","projectNumber":"983636667775","displayName":"sandynewspage","name":"projects/sandynewspage","resources":{"hostingSite":"sandynewspage","realtimeDatabaseInstance":"sandynewspage-default-rtdb"},"state":"ACTIVE","etag":"1_ba8ff2c4-644f-4b02-8d2d-c8e4a54c50dd"}
[info] i  Using project sandynewspage (sandynewspage) 
[info] 
=== Hosting Setup
[info] 
[info] Your public directory is the folder (relative to your project directory) that
[info] will contain Hosting assets to be uploaded with firebase deploy. If you
[info] have a build process for your assets, use your build's output directory.
[info] 
[info] +  Wrote public/404.html 
[debug] [2023-05-31T14:58:17.210Z] >>> [apiv2][query] GET https://www.gstatic.com/firebasejs/releases.json [none]
[debug] [2023-05-31T14:58:17.295Z] <<< [apiv2][status] GET https://www.gstatic.com/firebasejs/releases.json 200
[debug] [2023-05-31T14:58:17.296Z] <<< [apiv2][body] GET https://www.gstatic.com/firebasejs/releases.json {"current":{"version":"9.22.1","browserURL":"https://www.gstatic.com/firebasejs/9.22.1/firebase.js","packageURL":"https://www.gstatic.com/firebasejs/9.22.1/firebase.tgz"},"live":{"version":"9.22","browserURL":"https://www.gstatic.com/firebasejs/live/9.22/firebase.js","packageURL":"https://www.gstatic.com/firebasejs/live/9.22/firebase.tgz"},"components":{"analytics":"https://www.gstatic.com/firebasejs/9.22.1/firebase-analytics.js","app":"https://www.gstatic.com/firebasejs/9.22.1/firebase-app.js","app-check":"https://www.gstatic.com/firebasejs/9.22.1/firebase-app-check.js","auth":"https://www.gstatic.com/firebasejs/9.22.1/firebase-auth.js","auth/cordova":"https://www.gstatic.com/firebasejs/9.22.1/firebase-auth/cordova.js","auth/react-native":"https://www.gstatic.com/firebasejs/9.22.1/firebase-auth/react-native.js","functions":"https://www.gstatic.com/firebasejs/9.22.1/firebase-functions.js","firestore":"https://www.gstatic.com/firebasejs/9.22.1/firebase-firestore.js","firestore/lite":"https://www.gstatic.com/firebasejs/9.22.1/firebase-firestore/lite.js","installations":"https://www.gstatic.com/firebasejs/9.22.1/firebase-installations.js","storage":"https://www.gstatic.com/firebasejs/9.22.1/firebase-storage.js","performance":"https://www.gstatic.com/firebasejs/9.22.1/firebase-performance.js","remote-config":"https://www.gstatic.com/firebasejs/9.22.1/firebase-remote-config.js","messaging":"https://www.gstatic.com/firebasejs/9.22.1/firebase-messaging.js","messaging/sw":"https://www.gstatic.com/firebasejs/9.22.1/firebase-messaging/sw.js","database":"https://www.gstatic.com/firebasejs/9.22.1/firebase-database.js","firestore.memory":"https://www.gstatic.com/firebasejs/9.22.1/firebase-firestore.memory.js"}}
[info] +  Wrote public/index.html 
[info] 
[info] i  Detected a .git folder at C:\Users\nages 
[info] i  Authorizing with GitHub to upload your service account to a GitHub repository's secrets store. 
[info] 
[info] Visit this URL on this device to log in:
[info] https://github.com/login/oauth/authorize?client_id=89cf50f02ac6aaed3484&state=227104093&redirect_uri=http%3A%2F%2Flocalhost%3A9005&scope=read%3Auser%20repo%20public_repo
[info] 
[info] Waiting for authentication...
[debug] [2023-05-31T14:58:43.017Z] >>> [apiv2][query] POST https://github.com/login/oauth/access_token [none]
[debug] [2023-05-31T14:58:43.017Z] >>> [apiv2][body] POST https://github.com/login/oauth/access_token [stream]
[debug] [2023-05-31T14:58:43.444Z] <<< [apiv2][status] POST https://github.com/login/oauth/access_token 200
[debug] [2023-05-31T14:58:43.444Z] <<< [apiv2][body] POST https://github.com/login/oauth/access_token {"access_token":"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","token_type":"bearer","scope":"read:user,repo"}
[debug] [2023-05-31T14:58:43.452Z] >>> [apiv2][query] GET https://api.github.com/user [none]
[debug] [2023-05-31T14:58:43.864Z] <<< [apiv2][status] GET https://api.github.com/user 200
[debug] [2023-05-31T14:58:43.865Z] <<< [apiv2][body] GET https://api.github.com/user {"login":"Nageshwar9784","id":89125005,"node_id":"MDQ6VXNlcjg5MTI1MDA1","avatar_url":"https://avatars.githubusercontent.com/u/89125005?v=4","gravatar_id":"","url":"https://api.github.com/users/Nageshwar9784","html_url":"https://github.com/Nageshwar9784","followers_url":"https://api.github.com/users/Nageshwar9784/followers","following_url":"https://api.github.com/users/Nageshwar9784/following{/other_user}","gists_url":"https://api.github.com/users/Nageshwar9784/gists{/gist_id}","starred_url":"https://api.github.com/users/Nageshwar9784/starred{/owner}{/repo}","subscriptions_url":"https://api.github.com/users/Nageshwar9784/subscriptions","organizations_url":"https://api.github.com/users/Nageshwar9784/orgs","repos_url":"https://api.github.com/users/Nageshwar9784/repos","events_url":"https://api.github.com/users/Nageshwar9784/events{/privacy}","received_events_url":"https://api.github.com/users/Nageshwar9784/received_events","type":"User","site_admin":false,"name":"Nageshwar Yadav","company":null,"blog":"","location":null,"email":null,"hireable":null,"bio":null,"twitter_username":null,"public_repos":6,"public_gists":0,"followers":0,"following":0,"created_at":"2021-08-18T06:47:47Z","updated_at":"2023-05-20T08:25:24Z","private_gists":0,"total_private_repos":0,"owned_private_repos":0,"disk_usage":5582,"collaborators":0,"two_factor_authentication":false,"plan":{"name":"pro","space":976562499,"collaborators":0,"private_repos":9999}}
[info] 
[info] +  Success! Logged into GitHub as Nageshwar9784 
[info] 
[debug] [2023-05-31T14:59:14.593Z] >>> [apiv2][query] GET https://api.github.com/repos//actions/secrets/public-key type=owner
[debug] [2023-05-31T14:59:14.932Z] <<< [apiv2][status] GET https://api.github.com/repos//actions/secrets/public-key 404
[debug] [2023-05-31T14:59:14.932Z] <<< [apiv2][body] GET https://api.github.com/repos//actions/secrets/public-key {"message":"Not Found","documentation_url":"https://docs.github.com/rest"}
[info] 
[info] 
[error] !  The provided authorization cannot be used with this repository. If this repository is in an organization, did you remember to grant access? 
[info] 
[info] i  Action required: Visit this URL to ensure access has been granted to the appropriate organization(s) for the Firebase CLI GitHub OAuth App: 
[info] https://github.com/settings/connections/applications/89cf50f02ac6aaed3484
[info] 
[debug] [2023-05-31T14:59:54.697Z] >>> [apiv2][query] GET https://api.github.com/repos/nageshwar/sandeepnews/actions/secrets/public-key type=owner
[debug] [2023-05-31T14:59:55.094Z] <<< [apiv2][status] GET https://api.github.com/repos/nageshwar/sandeepnews/actions/secrets/public-key 404
[debug] [2023-05-31T14:59:55.095Z] <<< [apiv2][body] GET https://api.github.com/repos/nageshwar/sandeepnews/actions/secrets/public-key {"message":"Not Found","documentation_url":"https://docs.github.com/rest/reference/actions#get-a-repository-public-key"}
[info] 
[info] 
[error] !  The provided authorization cannot be used with this repository. If this repository is in an organization, did you remember to grant access? 
[info] 
[info] i  Action required: Visit this URL to ensure access has been granted to the appropriate organization(s) for the Firebase CLI GitHub OAuth App: 
[info] https://github.com/settings/connections/applications/89cf50f02ac6aaed3484
[info] 
[debug] [2023-05-31T15:02:15.943Z] >>> [apiv2][query] GET https://api.github.com/repos//actions/secrets/public-key type=owner
[debug] [2023-05-31T15:02:16.418Z] <<< [apiv2][status] GET https://api.github.com/repos//actions/secrets/public-key 404
[debug] [2023-05-31T15:02:16.418Z] <<< [apiv2][body] GET https://api.github.com/repos//actions/secrets/public-key {"message":"Not Found","documentation_url":"https://docs.github.com/rest"}
[info] 
[info] 
[error] !  The provided authorization cannot be used with this repository. If this repository is in an organization, did you remember to grant access? 
[info] 
[info] i  Action required: Visit this URL to ensure access has been granted to the appropriate organization(s) for the Firebase CLI GitHub OAuth App: 
[info] https://github.com/settings/connections/applications/89cf50f02ac6aaed3484
[info] 
[debug] [2023-05-31T15:03:13.693Z] >>> [apiv2][query] GET https://api.github.com/repos/(nageshwar/sandeep)/actions/secrets/public-key type=owner
[debug] [2023-05-31T15:03:14.060Z] <<< [apiv2][status] GET https://api.github.com/repos/(nageshwar/sandeep)/actions/secrets/public-key 404
[debug] [2023-05-31T15:03:14.061Z] <<< [apiv2][body] GET https://api.github.com/repos/(nageshwar/sandeep)/actions/secrets/public-key {"message":"Not Found","documentation_url":"https://docs.github.com/rest/reference/actions#get-a-repository-public-key"}
[info] 
[info] 
[error] !  The provided authorization cannot be used with this repository. If this repository is in an organization, did you remember to grant access? 
[info] 
[info] i  Action required: Visit this URL to ensure access has been granted to the appropriate organization(s) for the Firebase CLI GitHub OAuth App: 
[info] https://github.com/settings/connections/applications/89cf50f02ac6aaed3484
[info] 
